{
  "0 debug pnpm:scope": {
    "selected": 1
  },
  "1 error pnpm": {
    "code": "ELIFECYCLE",
    "errno": "ENOENT",
    "syscall": "spawn",
    "file": "sh",
    "pkgid": "nxt-trendz-authentication@1.0.0",
    "stage": "build",
    "script": "react-scripts build",
    "pkgname": "nxt-trendz-authentication",
    "err": {
      "name": "pnpm",
      "message": "nxt-trendz-authentication@1.0.0 build: `react-scripts build`\nspawn ENOENT",
      "code": "ELIFECYCLE",
      "stack": "pnpm: nxt-trendz-authentication@1.0.0 build: `react-scripts build`\nspawn ENOENT\n    at ChildProcess.<anonymous> (/usr/local/lib/node_modules/pnpm/dist/pnpm.cjs:92384:22)\n    at ChildProcess.emit (events.js:400:28)\n    at maybeClose (internal/child_process.js:1058:16)\n    at Process.ChildProcess._handle.onexit (internal/child_process.js:293:5)"
    }
  },
  "2 warn pnpm:global": " Local package.json exists, but node_modules missing, did you mean to install?"
}